{"level":"info","message":{"email":"krongkwan.bua@mahidol.edu","event":"signin_attempt","timestamp":"2025-01-13T13:43:26.783Z"}}
{"level":"info","message":{"email":"krongkwan.bua@mahidol.edu","error":"determineRole is not defined","event":"signin_error","timestamp":"2025-01-13T13:43:26.786Z"}}
{"level":"info","message":{"email":"dewwiisunny14@gmail.com","error":"Email domain not allowed","event":"signin_error","timestamp":"2025-01-13T13:43:35.925Z"}}
{"level":"info","message":{"email":"dewwiisunny14@gmail.com","error":"Email domain not allowed","event":"signin_error","timestamp":"2025-01-13T13:46:59.398Z"}}
{"level":"info","message":{"email":"dewwiisunny14@gmail.com","error":"Email domain not allowed","event":"signin_error","timestamp":"2025-01-13T13:50:42.400Z"}}
{"level":"info","message":{"email":"dewwiisunny14@gmail.com","error":"Email domain not allowed","event":"signin_error","timestamp":"2025-01-13T14:02:36.456Z"}}
{"level":"info","message":{"email":"dewwiisunny14@gmail.com","error":"Email domain not allowed","event":"signin_error","timestamp":"2025-01-13T14:07:24.316Z"}}
{"level":"info","message":{"error":"Email domain not allowed","event":"signin_error","timestamp":"2025-01-14T12:01:22.963Z"}}
{"level":"info","message":{"email":"krongkwan.b@ovec.moe.go.th","error":"Email domain not allowed","event":"signin_error","timestamp":"2025-01-14T12:22:31.475Z"}}
{"level":"info","message":{"email":"krongkwan.b@ovec.moe.go.th","error":"Email domain not allowed","event":"signin_error","timestamp":"2025-01-14T12:31:23.790Z"}}
{"level":"info","message":{"email":"krongkwan.b@ovec.moe.go.th","error":"Email domain not allowed","event":"signin_error","timestamp":"2025-01-14T12:36:56.087Z"}}
{"level":"info","message":{"email":"krongkwan.b@ovec.moe.go.th","event":"signin_attempt","provider":"google","timestamp":"2025-01-14T13:06:49.185Z"}}
{"level":"info","message":{"email":"krongkwan.b@ovec.moe.go.th","error":"invalid input value for enum user_role: \"none\"","event":"signin_error","timestamp":"2025-01-14T13:06:49.301Z"}}
{"level":"info","message":{"email":"krongkwan.b@ovec.moe.go.th","event":"signin_attempt","provider":"google","timestamp":"2025-01-14T13:14:00.084Z"}}
{"level":"info","message":{"email":"krongkwan.b@ovec.moe.go.th","error":"A query must have either text or a name. Supplying neither is unsupported.","event":"signin_error","timestamp":"2025-01-14T13:14:00.315Z"}}
{"level":"info","message":{"email":"krongkwan.b@ovec.moe.go.th","event":"signin_attempt","role":"waituser","timestamp":"2025-01-14T13:16:15.309Z"}}
{"level":"info","message":{"email":"krongkwan.b@ovec.moe.go.th","error":"column \"updated_at\" of relation \"users\" does not exist","event":"signin_error","timestamp":"2025-01-14T13:16:15.366Z"}}
{"level":"info","message":{"email":"krongkwan.b@ovec.moe.go.th","event":"signin_attempt","role":"waituser","timestamp":"2025-01-14T13:17:55.258Z"}}
{"level":"info","message":{"email":"dewwiisunny14@gmail.com","event":"signin_attempt","role":"employeroutside","timestamp":"2025-01-14T13:19:40.092Z"}}
{"level":"info","message":{"email":"dewwiisunny14@gmail.com","event":"signin_attempt","role":"employeroutside","timestamp":"2025-01-14T13:22:32.095Z"}}
{"level":"info","message":{"email":"dewwiisunny14@gmail.com","event":"signin_attempt","provider":"google","timestamp":"2025-01-14T13:30:03.572Z"}}
{"level":"info","message":{"event":"user_created","role":"employeroutside","timestamp":"2025-01-14T13:30:03.629Z"}}
{"level":"info","message":{"email":"dewwiisunny14@gmail.com","event":"signin_attempt","provider":"google","role":"employeroutside","timestamp":"2025-01-14T13:34:20.566Z"}}
{"level":"info","message":{"event":"user_created","role":"employeroutside","timestamp":"2025-01-14T13:34:20.617Z"}}
{"level":"info","message":{"email":"dewwiisunny14@gmail.com","event":"signin_attempt","provider":"google","role":"employeroutside","timestamp":"2025-01-14T13:36:54.103Z"}}
{"level":"info","message":{"event":"user_created","role":"employeroutside","timestamp":"2025-01-14T13:36:54.135Z"}}
{"level":"info","message":{"email":"krongkwan.bua@mahidol.edu","event":"signin_attempt","provider":"google","role":"employer","timestamp":"2025-01-14T13:38:14.328Z"}}
{"level":"info","message":{"event":"user_created","role":"employer","timestamp":"2025-01-14T13:38:14.357Z"}}
{"level":"info","message":{"email":"krongkwan.bua@mahidol.edu","error":"userId is required","event":"user_error","timestamp":"2025-01-14T13:42:21.123Z"}}
{"level":"info","message":{"email":"krongkwan.bua@mahidol.edu","error":"Failed to get inserted user ID","event":"user_error","timestamp":"2025-01-14T13:44:44.920Z"}}
{"level":"info","message":{"event":"user_created","role":"employer","timestamp":"2025-01-14T13:47:59.569Z","userId":19}}
{"level":"info","message":{"event":"user_created","role":"employeroutside","timestamp":"2025-01-14T13:48:55.864Z","userId":20}}
{"level":"info","message":{"event":"user_created","role":"waituser","timestamp":"2025-01-14T13:49:22.497Z","userId":21}}
